This is pdfTeX, Version 3.1415926-1.40.9 (MiKTeX 2.7) (preloaded format=latex 2010.5.13)  2 JUN 2010 17:33
entering extended mode
**literatura.bib
(literatura.bib
LaTeX2e <2009/09/24>
Babel <v3.8l> and hyphenation patterns for english, dumylang, nohyphenation, ge
rman, ngerman, german-x-2008-06-18, ngerman-x-2008-06-18, french, loaded.

! LaTeX Error: Missing \begin{document}.

See the LaTeX manual or LaTeX Companion for explanation.
Type  H <return>  for immediate help.
 ...                                              
                                                  
l.1 @
     article{argamon2005measuring,
? 
! Emergency stop.
 ...                                              
                                                  
l.1 @
     article{argamon2005measuring,
You're in trouble here.  Try typing  <return>  to proceed.
If that doesn't work, type  X <return>  to quit.

 
Here is how much of TeX's memory you used:
 8 strings out of 95291
 238 string characters out of 1182873
 45037 words of memory out of 1500000
 3320 multiletter control sequences out of 110000
 3640 words of font info for 14 fonts, out of 3000000 for 5000
 14 hyphenation exceptions out of 8191
 6i,0n,4p,48b,14s stack positions out of 5000i,500n,10000p,200000b,50000s
No pages of output.
